  CC      cpukit/score/cpu/arm/__aeabi_read_tp.o
  CC      cpukit/score/cpu/arm/__tls_get_addr.o
  AS      cpukit/score/cpu/arm/arm-context-validate.o
  AS      cpukit/score/cpu/arm/arm-context-volatile-clobber.o
  CC      cpukit/score/cpu/arm/arm-exception-default.o
  CC      cpukit/score/cpu/arm/arm-exception-frame-print.o
  AS      cpukit/score/cpu/arm/arm_exc_abort.o
  CC      cpukit/score/cpu/arm/arm_exc_handler_high.o
  AS      cpukit/score/cpu/arm/arm_exc_handler_low.o
  AS      cpukit/score/cpu/arm/arm_exc_interrupt.o
  AS      cpukit/score/cpu/arm/armv4-exception-default.o
  CC      cpukit/score/cpu/arm/armv4-sync-synchronize.o
  CC      cpukit/score/cpu/arm/armv7-thread-idle.o
  CC      cpukit/score/cpu/arm/armv7m-context-initialize.o
  CC      cpukit/score/cpu/arm/armv7m-context-restore.o
  CC      cpukit/score/cpu/arm/armv7m-context-switch.o
  CC      cpukit/score/cpu/arm/armv7m-exception-default.o
  CC      cpukit/score/cpu/arm/armv7m-exception-handler-get.o
  CC      cpukit/score/cpu/arm/armv7m-exception-handler-set.o
  CC      cpukit/score/cpu/arm/armv7m-exception-priority-get.o
  CC      cpukit/score/cpu/arm/armv7m-exception-priority-handler.o
  CC      cpukit/score/cpu/arm/armv7m-exception-priority-set.o
  CC      cpukit/score/cpu/arm/armv7m-initialize.o
  CC      cpukit/score/cpu/arm/armv7m-isr-dispatch.o
  CC      cpukit/score/cpu/arm/armv7m-isr-enter-leave.o
  CC      cpukit/score/cpu/arm/armv7m-isr-level-get.o
  CC      cpukit/score/cpu/arm/armv7m-isr-level-set.o
  CC      cpukit/score/cpu/arm/armv7m-isr-vector-install.o
  CC      cpukit/score/cpu/arm/armv7m-multitasking-start-stop.o
  CC      cpukit/score/cpu/arm/cpu.o
  AS      cpukit/score/cpu/arm/cpu_asm.o
  LD      cpukit/score/cpu/arm/built-in.o
  CC      c/src/lib/libcpu/shared/src/cache_manager.o
  CC      c/src/lib/libcpu/shared/src/no_cache.o
  LD      c/src/lib/libcpu/shared/src/built-in.o
  LD      c/src/lib/libcpu/shared/built-in.o
  CC      c/src/lib/libcpu/arm/s3c24xx/clock/clockdrv.o
  CC      c/src/lib/libcpu/arm/s3c24xx/clock/support.o
  LD      c/src/lib/libcpu/arm/s3c24xx/clock/built-in.o
  CC      c/src/lib/libcpu/arm/s3c24xx/irq/irq.o
  LD      c/src/lib/libcpu/arm/s3c24xx/irq/built-in.o
  CC      c/src/lib/libcpu/arm/s3c24xx/timer/timer.o
  LD      c/src/lib/libcpu/arm/s3c24xx/timer/built-in.o
  LD      c/src/lib/libcpu/arm/s3c24xx/built-in.o
  CC      c/src/lib/libbsp/shared/bootcard.o
  CC      c/src/lib/libbsp/shared/bspclean.o
  CC      c/src/lib/libbsp/shared/bspgetworkarea.o
  CC      c/src/lib/libbsp/shared/bsppredriverhook.o
  CC      c/src/lib/libbsp/shared/console.o
  CC      c/src/lib/libbsp/shared/console_control.o
  CC      c/src/lib/libbsp/shared/console_read.o
  CC      c/src/lib/libbsp/shared/console_select.o
  CC      c/src/lib/libbsp/shared/console_write.o
  CC      c/src/lib/libbsp/shared/cpucounterdiff.o
  CC      c/src/lib/libbsp/shared/cpucounterread.o
  CC      c/src/lib/libbsp/shared/gnatinstallhandler.o
  CC      c/src/lib/libbsp/shared/sbrk.o
  LD      c/src/lib/libbsp/shared/built-in.o
  CC      c/src/lib/libbsp/arm/shared/abort/abort.o
  LD      c/src/lib/libbsp/arm/shared/abort/built-in.o
  LD      c/src/lib/libbsp/arm/shared/built-in.o
  CC      c/src/lib/libbsp/arm/smdk2410/console/uart.o
  LD      c/src/lib/libbsp/arm/smdk2410/console/built-in.o
  CC      c/src/lib/libbsp/arm/smdk2410/smc/smc.o
  LD      c/src/lib/libbsp/arm/smdk2410/smc/built-in.o
  CC      c/src/lib/libbsp/arm/smdk2410/start/dummy.o
  LD      c/src/lib/libbsp/arm/smdk2410/start/built-in.o
  AS      c/src/lib/libbsp/arm/smdk2410/start/start.o
  CC      c/src/lib/libbsp/arm/smdk2410/startup/bspidle.o
  CC      c/src/lib/libbsp/arm/smdk2410/startup/bspreset.o
  CC      c/src/lib/libbsp/arm/smdk2410/startup/bspstart.o
  CC      c/src/lib/libbsp/arm/smdk2410/startup/memmap.o
  LD      c/src/lib/libbsp/arm/smdk2410/startup/built-in.o
  LD      c/src/lib/libbsp/arm/smdk2410/built-in.o
  LINK    vmlinux
  LD      vmlinux.o
  MODPOST vmlinux.o
  GEN     .version
  LD      vmlinux
Makefile:954: recipe for target 'vmlinux' failed
